2016-04-29 16:06:12,543 getQuestions.py[line:176] INFO ---> Start...
2016-04-29 16:06:12,543 getQuestions.py[line:157] INFO -----------------Get Questions from Zhihu------------------------
2016-04-29 16:06:12,543 getQuestions.py[line:158] INFO ---> Catch command line arguments...
2016-04-29 16:06:12,543 getQuestions.py[line:142] INFO ---> Start_list: [0, 1000000, 2000000, 3000000, 4000000, 5000000, 6000000, 7000000, 8000000, 9000000]
2016-04-29 16:06:12,543 getQuestions.py[line:143] INFO ---> End_list: [1000000, 2000000, 3000000, 4000000, 5000000, 6000000, 7000000, 8000000, 9000000, 10000000]
2016-04-29 16:06:12,543 getQuestions.py[line:147] INFO ---> Threads: [<Thread(_thread_0, initial)>, <Thread(_thread_1, initial)>, <Thread(_thread_2, initial)>, <Thread(_thread_3, initial)>, <Thread(_thread_4, initial)>, <Thread(_thread_5, initial)>, <Thread(_thread_6, initial)>, <Thread(_thread_7, initial)>, <Thread(_thread_8, initial)>, <Thread(_thread_9, initial)>]
2016-04-29 16:06:15,701 getQuestions.py[line:176] INFO ---> Start...
2016-04-29 16:06:15,701 getQuestions.py[line:157] INFO -----------------Get Questions from Zhihu------------------------
2016-04-29 16:06:15,701 getQuestions.py[line:158] INFO ---> Catch command line arguments...
2016-04-29 16:06:15,701 getQuestions.py[line:142] INFO ---> Start_list: [10000000, 11000000, 12000000, 13000000, 14000000, 15000000, 16000000, 17000000, 18000000, 19000000]
2016-04-29 16:06:15,701 getQuestions.py[line:143] INFO ---> End_list: [11000000, 12000000, 13000000, 14000000, 15000000, 16000000, 17000000, 18000000, 19000000, 20000000]
2016-04-29 16:06:15,701 getQuestions.py[line:147] INFO ---> Threads: [<Thread(_thread_0, initial)>, <Thread(_thread_1, initial)>, <Thread(_thread_2, initial)>, <Thread(_thread_3, initial)>, <Thread(_thread_4, initial)>, <Thread(_thread_5, initial)>, <Thread(_thread_6, initial)>, <Thread(_thread_7, initial)>, <Thread(_thread_8, initial)>, <Thread(_thread_9, initial)>]
2016-04-29 16:06:21,557 getQuestions.py[line:176] INFO ---> Start...
2016-04-29 16:06:21,557 getQuestions.py[line:157] INFO -----------------Get Questions from Zhihu------------------------
2016-04-29 16:06:21,557 getQuestions.py[line:158] INFO ---> Catch command line arguments...
2016-04-29 16:06:21,557 getQuestions.py[line:142] INFO ---> Start_list: [20000001, 21000000, 21999999, 22999998, 23999997, 24999996, 25999995, 26999994, 27999993, 28999992]
2016-04-29 16:06:21,558 getQuestions.py[line:143] INFO ---> End_list: [21000000, 21999999, 22999998, 23999997, 24999996, 25999995, 26999994, 27999993, 28999992, 29999991]
2016-04-29 16:06:21,558 getQuestions.py[line:147] INFO ---> Threads: [<Thread(_thread_0, initial)>, <Thread(_thread_1, initial)>, <Thread(_thread_2, initial)>, <Thread(_thread_3, initial)>, <Thread(_thread_4, initial)>, <Thread(_thread_5, initial)>, <Thread(_thread_6, initial)>, <Thread(_thread_7, initial)>, <Thread(_thread_8, initial)>, <Thread(_thread_9, initial)>]
2016-04-29 16:06:24,738 getQuestions.py[line:176] INFO ---> Start...
2016-04-29 16:06:24,738 getQuestions.py[line:157] INFO -----------------Get Questions from Zhihu------------------------
2016-04-29 16:06:24,738 getQuestions.py[line:158] INFO ---> Catch command line arguments...
2016-04-29 16:06:24,738 getQuestions.py[line:142] INFO ---> Start_list: [30000001, 31000000, 31999999, 32999998, 33999997, 34999996, 35999995, 36999994, 37999993, 38999992]
2016-04-29 16:06:24,738 getQuestions.py[line:143] INFO ---> End_list: [31000000, 31999999, 32999998, 33999997, 34999996, 35999995, 36999994, 37999993, 38999992, 39999991]
2016-04-29 16:06:24,739 getQuestions.py[line:147] INFO ---> Threads: [<Thread(_thread_0, initial)>, <Thread(_thread_1, initial)>, <Thread(_thread_2, initial)>, <Thread(_thread_3, initial)>, <Thread(_thread_4, initial)>, <Thread(_thread_5, initial)>, <Thread(_thread_6, initial)>, <Thread(_thread_7, initial)>, <Thread(_thread_8, initial)>, <Thread(_thread_9, initial)>]
2016-04-29 16:06:27,820 getQuestions.py[line:176] INFO ---> Start...
2016-04-29 16:06:27,820 getQuestions.py[line:157] INFO -----------------Get Questions from Zhihu------------------------
2016-04-29 16:06:27,820 getQuestions.py[line:158] INFO ---> Catch command line arguments...
2016-04-29 16:06:27,820 getQuestions.py[line:142] INFO ---> Start_list: [40000001, 41000000, 41999999, 42999998, 43999997, 44999996, 45999995, 46999994, 47999993, 48999992]
2016-04-29 16:06:27,820 getQuestions.py[line:143] INFO ---> End_list: [41000000, 41999999, 42999998, 43999997, 44999996, 45999995, 46999994, 47999993, 48999992, 49999991]
2016-04-29 16:06:27,821 getQuestions.py[line:147] INFO ---> Threads: [<Thread(_thread_0, initial)>, <Thread(_thread_1, initial)>, <Thread(_thread_2, initial)>, <Thread(_thread_3, initial)>, <Thread(_thread_4, initial)>, <Thread(_thread_5, initial)>, <Thread(_thread_6, initial)>, <Thread(_thread_7, initial)>, <Thread(_thread_8, initial)>, <Thread(_thread_9, initial)>]
